{"contracts/ManualToken.sol":{"l":{"48":3,"49":3,"50":3,"51":3,"63":5,"65":5,"67":4,"69":4,"71":4,"73":4,"74":4,"76":4,"88":4,"89":3,"106":2,"107":1,"108":1,"109":1,"125":6,"126":6,"127":6,"144":0,"145":0,"146":0,"147":0,"159":2,"160":2,"161":2,"162":2,"163":2,"178":1,"179":1,"180":1,"181":1,"182":1,"183":1,"184":1},"path":"/Users/pranavlakkadi/HH-FCC/HH-ERC20/contracts/ManualToken.sol","s":{"1":5,"2":5,"3":4,"4":4,"5":4,"6":4,"7":4,"8":3,"9":2,"10":1,"11":1,"12":6,"13":6,"14":0,"15":0,"16":0,"17":0,"18":2,"19":2,"20":2,"21":1,"22":1,"23":1,"24":1},"b":{"1":[5,0],"2":[4,1],"3":[4,0],"4":[1,1],"5":[0,0],"6":[2,0],"7":[1,0],"8":[1,0]},"f":{"1":3,"2":5,"3":4,"4":2,"5":6,"6":0,"7":2,"8":1},"fnMap":{"1":{"name":"constructor","line":43,"loc":{"start":{"line":43,"column":2},"end":{"line":52,"column":2}}},"2":{"name":"_transfer","line":57,"loc":{"start":{"line":57,"column":2},"end":{"line":77,"column":2}}},"3":{"name":"transfer","line":87,"loc":{"start":{"line":87,"column":2},"end":{"line":90,"column":2}}},"4":{"name":"transferFrom","line":101,"loc":{"start":{"line":101,"column":2},"end":{"line":110,"column":2}}},"5":{"name":"approve","line":120,"loc":{"start":{"line":120,"column":2},"end":{"line":128,"column":2}}},"6":{"name":"approveAndCall","line":139,"loc":{"start":{"line":139,"column":2},"end":{"line":149,"column":2}}},"7":{"name":"burn","line":158,"loc":{"start":{"line":158,"column":2},"end":{"line":164,"column":2}}},"8":{"name":"burnFrom","line":174,"loc":{"start":{"line":174,"column":2},"end":{"line":185,"column":2}}}},"statementMap":{"1":{"start":{"line":63,"column":4},"end":{"line":63,"column":56}},"2":{"start":{"line":65,"column":4},"end":{"line":65,"column":52}},"3":{"start":{"line":67,"column":4},"end":{"line":67,"column":71}},"4":{"start":{"line":69,"column":4},"end":{"line":69,"column":64}},"5":{"start":{"line":74,"column":4},"end":{"line":74,"column":37}},"6":{"start":{"line":76,"column":4},"end":{"line":76,"column":64}},"7":{"start":{"line":88,"column":4},"end":{"line":88,"column":37}},"8":{"start":{"line":89,"column":4},"end":{"line":89,"column":15}},"9":{"start":{"line":106,"column":4},"end":{"line":106,"column":66}},"10":{"start":{"line":108,"column":4},"end":{"line":108,"column":32}},"11":{"start":{"line":109,"column":4},"end":{"line":109,"column":15}},"12":{"start":{"line":126,"column":4},"end":{"line":126,"column":47}},"13":{"start":{"line":127,"column":4},"end":{"line":127,"column":15}},"14":{"start":{"line":144,"column":4},"end":{"line":144,"column":53}},"15":{"start":{"line":145,"column":4},"end":{"line":145,"column":4525}},"16":{"start":{"line":146,"column":6},"end":{"line":146,"column":75}},"17":{"start":{"line":147,"column":6},"end":{"line":147,"column":17}},"18":{"start":{"line":159,"column":4},"end":{"line":159,"column":43}},"19":{"start":{"line":162,"column":4},"end":{"line":162,"column":33}},"20":{"start":{"line":163,"column":4},"end":{"line":163,"column":15}},"21":{"start":{"line":178,"column":4},"end":{"line":178,"column":38}},"22":{"start":{"line":179,"column":4},"end":{"line":179,"column":50}},"23":{"start":{"line":183,"column":4},"end":{"line":183,"column":28}},"24":{"start":{"line":184,"column":4},"end":{"line":184,"column":15}}},"branchMap":{"1":{"line":63,"type":"if","locations":[{"start":{"line":63,"column":4},"end":{"line":63,"column":4}},{"start":{"line":63,"column":4},"end":{"line":63,"column":4}}]},"2":{"line":65,"type":"if","locations":[{"start":{"line":65,"column":4},"end":{"line":65,"column":4}},{"start":{"line":65,"column":4},"end":{"line":65,"column":4}}]},"3":{"line":67,"type":"if","locations":[{"start":{"line":67,"column":4},"end":{"line":67,"column":4}},{"start":{"line":67,"column":4},"end":{"line":67,"column":4}}]},"4":{"line":106,"type":"if","locations":[{"start":{"line":106,"column":4},"end":{"line":106,"column":4}},{"start":{"line":106,"column":4},"end":{"line":106,"column":4}}]},"5":{"line":145,"type":"if","locations":[{"start":{"line":145,"column":4},"end":{"line":145,"column":4}},{"start":{"line":145,"column":4},"end":{"line":145,"column":4}}]},"6":{"line":159,"type":"if","locations":[{"start":{"line":159,"column":4},"end":{"line":159,"column":4}},{"start":{"line":159,"column":4},"end":{"line":159,"column":4}}]},"7":{"line":178,"type":"if","locations":[{"start":{"line":178,"column":4},"end":{"line":178,"column":4}},{"start":{"line":178,"column":4},"end":{"line":178,"column":4}}]},"8":{"line":179,"type":"if","locations":[{"start":{"line":179,"column":4},"end":{"line":179,"column":4}},{"start":{"line":179,"column":4},"end":{"line":179,"column":4}}]}}},"contracts/OurToken.sol":{"l":{"11":0},"path":"/Users/pranavlakkadi/HH-FCC/HH-ERC20/contracts/OurToken.sol","s":{"1":0},"b":{},"f":{"1":0},"fnMap":{"1":{"name":"constructor","line":10,"loc":{"start":{"line":10,"column":4},"end":{"line":12,"column":4}}}},"statementMap":{"1":{"start":{"line":11,"column":8},"end":{"line":11,"column":38}}},"branchMap":{}}}